0 info it worked if it ends with ok
1 verbose cli [ '/usr/local/Cellar/node/5.10.1/bin/node',
1 verbose cli   '/usr/local/bin/npm',
1 verbose cli   'run',
1 verbose cli   'deploy' ]
2 info using npm@3.8.3
3 info using node@v5.10.1
4 verbose run-script [ 'predeploy', 'deploy', 'postdeploy' ]
5 info lifecycle q-global@1.0.1~predeploy: q-global@1.0.1
6 silly lifecycle q-global@1.0.1~predeploy: no script for predeploy, continuing
7 info lifecycle q-global@1.0.1~deploy: q-global@1.0.1
8 verbose lifecycle q-global@1.0.1~deploy: unsafe-perm in lifecycle true
9 verbose lifecycle q-global@1.0.1~deploy: PATH: /usr/local/lib/node_modules/npm/bin/node-gyp-bin:/Users/ikuznecov/projects/q-global/node_modules/.bin:/usr/local/Cellar/node/5.10.1/bin:/Users/ikuznecov/bin:/usr/local/bin:/usr/local/sbin:/Users/ikuznecov/projects/node_modules/.bin:/usr/local/bin:/usr/bin:/bin:/usr/sbin:/sbin
10 verbose lifecycle q-global@1.0.1~deploy: CWD: /Users/ikuznecov/projects/q-global
11 silly lifecycle q-global@1.0.1~deploy: Args: [ '-c', 'ga . && gca -m \'fix\' && gp && npm publish' ]
12 info lifecycle q-global@1.0.1~deploy: Failed to exec deploy script
13 verbose stack Error: q-global@1.0.1 deploy: `ga . && gca -m 'fix' && gp && npm publish`
13 verbose stack spawn ENOENT
13 verbose stack     at ChildProcess.<anonymous> (/usr/local/lib/node_modules/npm/lib/utils/spawn.js:17:16)
13 verbose stack     at emitTwo (events.js:100:13)
13 verbose stack     at ChildProcess.emit (events.js:185:7)
13 verbose stack     at maybeClose (internal/child_process.js:850:16)
13 verbose stack     at Process.ChildProcess._handle.onexit (internal/child_process.js:215:5)
14 verbose pkgid q-global@1.0.1
15 verbose cwd /Users/ikuznecov/projects/q-global
16 error Darwin 15.4.0
17 error argv "/usr/local/Cellar/node/5.10.1/bin/node" "/usr/local/bin/npm" "run" "deploy"
18 error node v5.10.1
19 error npm  v3.8.3
20 error file sh
21 error code ELIFECYCLE
22 error errno ENOENT
23 error syscall spawn
24 error q-global@1.0.1 deploy: `ga . && gca -m 'fix' && gp && npm publish`
24 error spawn ENOENT
25 error Failed at the q-global@1.0.1 deploy script 'ga . && gca -m 'fix' && gp && npm publish'.
25 error Make sure you have the latest version of node.js and npm installed.
25 error If you do, this is most likely a problem with the q-global package,
25 error not with npm itself.
25 error Tell the author that this fails on your system:
25 error     ga . && gca -m 'fix' && gp && npm publish
25 error You can get information on how to open an issue for this project with:
25 error     npm bugs q-global
25 error Or if that isn't available, you can get their info via:
25 error     npm owner ls q-global
25 error There is likely additional logging output above.
26 verbose exit [ 1, true ]
